<?xml version="1.0" encoding="UTF-8"?>
<robot generator="Robot 4.0.3 (Python 3.8.8 on win32)" generated="20210614 05:25:04.755" rpa="false" schemaversion="2">
<suite id="s1" name="caseLogin" source="E:\app\WorkspacePython38\TestCaseBukalapak\Scenario\login\caseLogin.robot">
<test id="s1-t1" name="testLogin">
<kw name="Open Browser" library="SeleniumLibrary">
<arg>${LOGIN_URL}</arg>
<arg>${BROWSER}</arg>
<doc>Opens a new browser instance to the optional ``url``.</doc>
<msg timestamp="20210614 05:25:04.983" level="INFO">Opening browser 'firefox' to base url 'https://accounts.bukalapak.com/login'.</msg>
<msg timestamp="20210614 05:25:04.984" level="INFO">Firefox driver log is always forced to to: E:\app\WorkspacePython38\TestCaseBukalapak\Scenario\geckodriver-1.log</msg>
<status status="PASS" starttime="20210614 05:25:04.983" endtime="20210614 05:25:12.948"/>
</kw>
<kw name="Maximize Browser Window" library="SeleniumLibrary">
<doc>Maximizes current browser window.</doc>
<status status="PASS" starttime="20210614 05:25:12.949" endtime="20210614 05:25:12.956"/>
</kw>
<kw name="Sleep" library="BuiltIn">
<arg>2s</arg>
<arg>Wait for a reply</arg>
<doc>Pauses the test executed for the given time.</doc>
<msg timestamp="20210614 05:25:14.963" level="INFO">Slept 2 seconds</msg>
<msg timestamp="20210614 05:25:14.963" level="INFO">Wait for a reply</msg>
<status status="PASS" starttime="20210614 05:25:12.957" endtime="20210614 05:25:14.963"/>
</kw>
<kw name="Input Text" library="SeleniumLibrary">
<arg>//*[@id="user_session_username"]</arg>
<arg>${USERNAME}</arg>
<doc>Types the given ``text`` into the text field identified by ``locator``.</doc>
<msg timestamp="20210614 05:25:14.965" level="INFO">Typing text 'test@gmail.com' into text field '//*[@id="user_session_username"]'.</msg>
<status status="PASS" starttime="20210614 05:25:14.964" endtime="20210614 05:25:15.011"/>
</kw>
<kw name="Input Password" library="SeleniumLibrary">
<arg>//*[@id="user_session_password"]</arg>
<arg>${PASSWORD}</arg>
<doc>Types the given password into the text field identified by ``locator``.</doc>
<msg timestamp="20210614 05:25:15.016" level="INFO">Typing password into text field '//*[@id="user_session_password"]'.</msg>
<msg timestamp="20210614 05:25:15.026" level="INFO">Temporally setting log level to: NONE</msg>
<msg timestamp="20210614 05:25:15.042" level="INFO">Log level changed from NONE to INFO.</msg>
<status status="PASS" starttime="20210614 05:25:15.016" endtime="20210614 05:25:15.042"/>
</kw>
<kw name="Click Button" library="SeleniumLibrary">
<arg>Login</arg>
<doc>Clicks the button identified by ``locator``.</doc>
<msg timestamp="20210614 05:25:15.042" level="INFO">Clicking button 'Login'.</msg>
<status status="PASS" starttime="20210614 05:25:15.042" endtime="20210614 05:25:15.280"/>
</kw>
<status status="PASS" starttime="20210614 05:25:04.982" endtime="20210614 05:25:15.280"/>
</test>
<status status="PASS" starttime="20210614 05:25:04.758" endtime="20210614 05:25:15.282"/>
</suite>
<statistics>
<total>
<stat pass="1" fail="0" skip="0">All Tests</stat>
</total>
<tag>
</tag>
<suite>
<stat pass="1" fail="0" skip="0" id="s1" name="caseLogin">caseLogin</stat>
</suite>
</statistics>
<errors>
</errors>
</robot>
