<?xml version="1.0" encoding="UTF-8"?>
<robot generator="Robot 3.1.2 (Python 3.8.8 on win32)" generated="20210614 16:19:24.257" rpa="false">
<suite id="s1" name="testPostApi" source="E:\app\WorkspacePython38\TestCaseBukalapak\API\postapi\testPostApi.robot">
<test id="s1-t1" name="PostApi">
<kw name="Create Session" library="RequestsLibrary">
<doc>Create Session: create a HTTP session to a server</doc>
<arguments>
<arg>mysession</arg>
<arg>${base_url}</arg>
</arguments>
<msg timestamp="20210614 16:19:24.571" level="INFO">Creating Session using : alias=mysession, url=https://jsonplaceholder.typicode.com, headers={},                     cookies={}, auth=None, timeout=None, proxies=None, verify=False,                     debug=0 </msg>
<status status="PASS" starttime="20210614 16:19:24.571" endtime="20210614 16:19:24.571"></status>
</kw>
<kw name="Create Dictionary" library="BuiltIn">
<doc>Creates and returns a dictionary based on the given ``items``.</doc>
<arguments>
<arg>title=recomendation</arg>
<arg>body=motorcycle</arg>
<arg>userId=12</arg>
</arguments>
<assign>
<var>${body}</var>
</assign>
<msg timestamp="20210614 16:19:24.572" level="INFO">${body} = {'title': 'recomendation', 'body': 'motorcycle', 'userId': '12'}</msg>
<status status="PASS" starttime="20210614 16:19:24.572" endtime="20210614 16:19:24.572"></status>
</kw>
<kw name="Create Dictionary" library="BuiltIn">
<doc>Creates and returns a dictionary based on the given ``items``.</doc>
<arguments>
<arg>Content-Type=application.json</arg>
</arguments>
<assign>
<var>${header}</var>
</assign>
<msg timestamp="20210614 16:19:24.573" level="INFO">${header} = {'Content-Type': 'application.json'}</msg>
<status status="PASS" starttime="20210614 16:19:24.572" endtime="20210614 16:19:24.573"></status>
</kw>
<kw name="Post On Session" library="RequestsLibrary">
<doc>Sends a POST request on a previously created HTTP Session.</doc>
<arguments>
<arg>mysession</arg>
<arg>/posts</arg>
<arg>data=${body}</arg>
<arg>headers=${header}</arg>
</arguments>
<assign>
<var>${response}</var>
</assign>
<msg timestamp="20210614 16:19:25.309" level="INFO">POST Request : url=https://jsonplaceholder.typicode.com/posts 
 path_url=/posts 
 headers={'User-Agent': 'python-requests/2.25.1', 'Accept-Encoding': 'gzip, deflate', 'Accept': '*/*', 'Connection': 'keep-alive', 'Content-Type': 'application.json', 'Content-Length': '45'} 
 body=title=recomendation&amp;body=motorcycle&amp;userId=12 
 </msg>
<msg timestamp="20210614 16:19:25.309" level="INFO">POST Response : url=https://jsonplaceholder.typicode.com/posts 
 status=201, reason=Created 
 headers={'Date': 'Mon, 14 Jun 2021 09:19:25 GMT', 'Content-Type': 'application/json; charset=utf-8', 'Content-Length': '15', 'Connection': 'keep-alive', 'X-Powered-By': 'Express', 'X-Ratelimit-Limit': '1000', 'X-Ratelimit-Remaining': '999', 'X-Ratelimit-Reset': '1623662410', 'Vary': 'Origin, X-HTTP-Method-Override, Accept-Encoding', 'Access-Control-Allow-Credentials': 'true', 'Cache-Control': 'no-cache', 'Pragma': 'no-cache', 'Expires': '-1', 'Access-Control-Expose-Headers': 'Location', 'Location': 'http://jsonplaceholder.typicode.com/posts/101', 'X-Content-Type-Options': 'nosniff', 'Etag': 'W/"f-4jjw4Y8q22Yv1PV9m28FczJgjzk"', 'Via': '1.1 vegur', 'CF-Cache-Status': 'DYNAMIC', 'cf-request-id': '0aab6aa1b30000f8d7772c9000000001', 'Expect-CT': 'max-age=604800, report-uri="https://report-uri.cloudflare.com/cdn-cgi/beacon/expect-ct"', 'Report-To': '{"endpoints":[{"url":"https:\\/\\/a.nel.cloudflare.com\\/report\\/v2?s=xkDTv08kEjFzN7i86to3VihWYnzYvmzB1dBfVA8HRh2m193XSSlKys3T9Prye8v5zBom9%2FirYWvIndjc4qyRxWiTTqblyGzO89rZTw9gCHsbpN7p%2F2Ij78UDT%2FCf2BancE4UlSYUNAoeUw%3D%3D"}],"group":"cf-nel","max_age":604800}', 'NEL': '{"report_to":"cf-nel","max_age":604800}', 'Server': 'cloudflare', 'CF-RAY': '65f27a15effef8d7-NRT', 'alt-svc': 'h3-27=":443"; ma=86400, h3-28=":443"; ma=86400, h3-29=":443"; ma=86400, h3=":443"; ma=86400'} 
 body={
  "id": 101
} 
 </msg>
<msg timestamp="20210614 16:19:25.309" level="INFO">e:\app\workspacepython38\testcasebukalapak\api\env\lib\site-packages\urllib3\connectionpool.py:1013: InsecureRequestWarning: Unverified HTTPS request is being made to host 'jsonplaceholder.typicode.com'. Adding certificate verification is strongly advised. See: https://urllib3.readthedocs.io/en/latest/advanced-usage.html#ssl-warnings
  warnings.warn(</msg>
<msg timestamp="20210614 16:19:25.309" level="INFO">${response} = &lt;Response [201]&gt;</msg>
<status status="PASS" starttime="20210614 16:19:24.573" endtime="20210614 16:19:25.309"></status>
</kw>
<kw name="Log To Console" library="BuiltIn">
<doc>Logs the given message to the console.</doc>
<arguments>
<arg>${response.status_code}</arg>
</arguments>
<status status="PASS" starttime="20210614 16:19:25.311" endtime="20210614 16:19:25.312"></status>
</kw>
<kw name="Log To Console" library="BuiltIn">
<doc>Logs the given message to the console.</doc>
<arguments>
<arg>${response.content}</arg>
</arguments>
<status status="PASS" starttime="20210614 16:19:25.312" endtime="20210614 16:19:25.313"></status>
</kw>
<kw name="Convert To String" library="BuiltIn">
<doc>Converts the given item to a Unicode string.</doc>
<arguments>
<arg>${response.status_code}</arg>
</arguments>
<assign>
<var>${status_code}</var>
</assign>
<msg timestamp="20210614 16:19:25.314" level="INFO">${status_code} = 201</msg>
<status status="PASS" starttime="20210614 16:19:25.314" endtime="20210614 16:19:25.314"></status>
</kw>
<kw name="Should Be Equal" library="BuiltIn">
<doc>Fails if the given objects are unequal.</doc>
<arguments>
<arg>${status_code}</arg>
<arg>201</arg>
</arguments>
<status status="PASS" starttime="20210614 16:19:25.315" endtime="20210614 16:19:25.315"></status>
</kw>
<kw name="Convert To String" library="BuiltIn">
<doc>Converts the given item to a Unicode string.</doc>
<arguments>
<arg>${response.content}</arg>
</arguments>
<assign>
<var>${res_body}</var>
</assign>
<msg timestamp="20210614 16:19:25.316" level="INFO">${res_body} = {
  "id": 101
}</msg>
<status status="PASS" starttime="20210614 16:19:25.316" endtime="20210614 16:19:25.316"></status>
</kw>
<status status="PASS" starttime="20210614 16:19:24.563" endtime="20210614 16:19:25.317" critical="yes"></status>
</test>
<status status="PASS" starttime="20210614 16:19:24.259" endtime="20210614 16:19:25.319"></status>
</suite>
<statistics>
<total>
<stat pass="1" fail="0">Critical Tests</stat>
<stat pass="1" fail="0">All Tests</stat>
</total>
<tag>
</tag>
<suite>
<stat pass="1" fail="0" id="s1" name="testPostApi">testPostApi</stat>
</suite>
</statistics>
<errors>
</errors>
</robot>
